<?xml version="1.0" encoding="utf-8"?>
<TestRun id="2f32cae0-b2b9-4675-994a-a291634b13a2" name="@Robofix 2026-08-19 16:02:04" xmlns="http://microsoft.com/schemas/VisualStudio/TeamTest/2010">
  <Times creation="2026-08-19T16:02:04.0360678+02:00" queuing="2026-08-19T16:02:04.0360678+02:00" start="2026-08-19T16:02:03.4870531+02:00" finish="2026-08-19T16:02:04.0394613+02:00" />
  <TestSettings name="default" id="9a38d317-93aa-48bb-a36e-c68a37eaabc9">
    <Deployment runDeploymentRoot="_Robofix_2026-08-19_16_02_04" />
  </TestSettings>
  <Results>
    <UnitTestResult executionId="0e7a68de-53fc-43e5-b820-cbf5e030947c" testId="3e18aa73-10e7-a08d-05d3-ba2fdc2112c2" testName="SlopArena.Shared.Tests.KistuG2HitCharacterizationTests.G2_ServerHitPath_ConnectsAgainstTargetsAtEveryActiveTick" computerName="Robofix" duration="00:00:00.0287139" startTime="2026-08-19T16:02:03.9162278+02:00" endTime="2026-08-19T16:02:03.9515012+02:00" testType="13cdc9d9-ddb5-4fa4-a97d-d965ccfc6d4b" outcome="Passed" testListId="8c84fa94-04c1-424b-9868-57a2d4851a1d" relativeResultsDirectory="0e7a68de-53fc-43e5-b820-cbf5e030947c">
      <Output>
        <StdOut>tick,bakedFrame,targetX,targetY,targetZ,hiltX,hiltY,hiltZ,tipX,tipY,tipZ,firstHitTick,damage
6,12,0.308,1.207,-0.383,-0.278,1.010,-0.610,0.895,1.404,-0.156,5,3
7,14,0.304,1.068,-0.261,-0.056,1.422,-0.684,0.664,0.713,0.162,5,3
8,16,-0.295,0.818,-0.119,-0.713,1.210,0.208,0.122,0.427,-0.446,5,3
9,19,0.214,0.977,0.498,0.024,1.598,0.611,0.403,0.356,0.384,6,3
10,21,0.360,1.148,0.414,0.154,1.773,0.374,0.565,0.523,0.453,6,3
11,23,0.508,1.318,0.113,0.153,1.702,-0.288,0.864,0.934,0.513,5,3</StdOut>
      </Output>
    </UnitTestResult>
    <UnitTestResult executionId="47ef2324-1c64-4ccf-8ec2-06ed11209efb" testId="23718f22-4473-e89a-f364-21e3b56bdc41" testName="SlopArena.Shared.Tests.KistuG2HitCharacterizationTests.G2_FixedTarget_RecordsActualHitRegistration" computerName="Robofix" duration="00:00:00.0021856" startTime="2026-08-19T16:02:03.9558065+02:00" endTime="2026-08-19T16:02:03.9580614+02:00" testType="13cdc9d9-ddb5-4fa4-a97d-d965ccfc6d4b" outcome="Passed" testListId="8c84fa94-04c1-424b-9868-57a2d4851a1d" relativeResultsDirectory="47ef2324-1c64-4ccf-8ec2-06ed11209efb">
      <Output>
        <StdOut>simTick,attackElapsed,targetDamage,state
0,1,0,Idle

1,2,0,Idle

2,3,0,Idle

3,4,0,Idle

4,5,0,Idle

5,6,0,Idle

6,7,0,Idle

7,8,0,Idle

8,9,3,Idle

9,9,3,Idle

10,9,3,Idle

11,9,3,Idle

12,9,3,Idle

13,9,3,Idle

14,9,3,Idle

15,9,3,Hitstun

16,10,3,Hitstun

17,11,3,Hitstun

18,12,3,Hitstun

19,13,3,Hitstun

20,14,3,Hitstun

21,15,3,Hitstun

22,16,3,Hitstun

23,17,3,Idle

24,18,3,Idle

25,19,3,Idle

26,20,3,Idle

27,21,3,Idle

28,22,3,Idle

29,23,3,Idle</StdOut>
      </Output>
    </UnitTestResult>
  </Results>
  <TestDefinitions>
    <UnitTest name="SlopArena.Shared.Tests.KistuG2HitCharacterizationTests.G2_ServerHitPath_ConnectsAgainstTargetsAtEveryActiveTick" storage="/home/binoui/documents/projects/sloparena/tests/shared.tests/bin/debug/net8.0/shared.tests.dll" id="3e18aa73-10e7-a08d-05d3-ba2fdc2112c2">
      <Execution id="0e7a68de-53fc-43e5-b820-cbf5e030947c" />
      <TestMethod codeBase="/home/binoui/Documents/projects/SlopArena/tests/Shared.Tests/bin/Debug/net8.0/Shared.Tests.dll" adapterTypeName="executor://xunit/VsTestRunner3/netcore/" className="SlopArena.Shared.Tests.KistuG2HitCharacterizationTests" name="G2_ServerHitPath_ConnectsAgainstTargetsAtEveryActiveTick" />
    </UnitTest>
    <UnitTest name="SlopArena.Shared.Tests.KistuG2HitCharacterizationTests.G2_FixedTarget_RecordsActualHitRegistration" storage="/home/binoui/documents/projects/sloparena/tests/shared.tests/bin/debug/net8.0/shared.tests.dll" id="23718f22-4473-e89a-f364-21e3b56bdc41">
      <Execution id="47ef2324-1c64-4ccf-8ec2-06ed11209efb" />
      <TestMethod codeBase="/home/binoui/Documents/projects/SlopArena/tests/Shared.Tests/bin/Debug/net8.0/Shared.Tests.dll" adapterTypeName="executor://xunit/VsTestRunner3/netcore/" className="SlopArena.Shared.Tests.KistuG2HitCharacterizationTests" name="G2_FixedTarget_RecordsActualHitRegistration" />
    </UnitTest>
  </TestDefinitions>
  <TestEntries>
    <TestEntry testId="3e18aa73-10e7-a08d-05d3-ba2fdc2112c2" executionId="0e7a68de-53fc-43e5-b820-cbf5e030947c" testListId="8c84fa94-04c1-424b-9868-57a2d4851a1d" />
    <TestEntry testId="23718f22-4473-e89a-f364-21e3b56bdc41" executionId="47ef2324-1c64-4ccf-8ec2-06ed11209efb" testListId="8c84fa94-04c1-424b-9868-57a2d4851a1d" />
  </TestEntries>
  <TestLists>
    <TestList name="Results Not in a List" id="8c84fa94-04c1-424b-9868-57a2d4851a1d" />
    <TestList name="All Loaded Results" id="19431567-8539-422a-85d7-44ee4e166bda" />
  </TestLists>
  <ResultSummary outcome="Completed">
    <Counters total="2" executed="2" passed="2" failed="0" error="0" timeout="0" aborted="0" inconclusive="0" passedButRunAborted="0" notRunnable="0" notExecuted="0" disconnected="0" warning="0" completed="0" inProgress="0" pending="0" />
    <Output>
      <StdOut>[xUnit.net 00:00:00.00] xUnit.net VSTest Adapter v3.0.0+e341b939fe (64-bit .NET 8.0.30)
[xUnit.net 00:00:00.04]   Discovering: Shared.Tests
[xUnit.net 00:00:00.12]   Discovered:  Shared.Tests
[xUnit.net 00:00:00.13]   Starting:    Shared.Tests
[xUnit.net 00:00:00.19]   Finished:    Shared.Tests
</StdOut>
    </Output>
  </ResultSummary>
</TestRun>